=== griffith_financials.xlsx processed at 2026-04-08 18:50:35 ===

[ROW 7] MATCH: 4000 Video Income
[ROW 7]   fluctuation check (threshold 14.6%):
             Jul 2025: 148730.00
             Aug 2025: 105154.32
             Sep 2025: 51041.79
             Oct 2025: 26349.96
             Nov 2025: 50121.27
             Dec 2025: 98004.91
           average (excl. last month): 79900.38
           last month: 24919.14
           % diff: |24919.14 - 79900.38| / |79900.38| * 100 = 68.8122%
           -> FLAGGED — cell tinted yellow
[ROW 8] MATCH: 4002 Retainer Income
[ROW 8]   fluctuation check (threshold 14.1%):
             Jul 2025: 4200.00
             Aug 2025: 4200.00
             Sep 2025: 4200.00
             Oct 2025: 6300.00
             Nov 2025: 20685.00
             Dec 2025: 4200.00
           average (excl. last month): 7297.50
           last month: 23870.00
           % diff: |23870.00 - 7297.50| / |7297.50| * 100 = 227.0983%
           -> FLAGGED — cell tinted yellow
[ROW 10] MATCH: 4005 Shipping Income
[ROW 10]   fluctuation check (threshold 8.7%):
             Jul 2025: 0.00
             Aug 2025: 0.00
             Sep 2025: 18.00
             Oct 2025: 0.00
             Nov 2025: 0.00
             Dec 2025: 0.00
           average (excl. last month): 3.00
           last month: 85.00
           % diff: |85.00 - 3.00| / |3.00| * 100 = 2733.3333%
           -> FLAGGED — cell tinted yellow
[ROW 11] MATCH: 4100 Discounts & Refunds given
[ROW 11]   fluctuation check (threshold 3.0%):
             Jul 2025: 0.00
             Aug 2025: 0.00
             Sep 2025: -3095.66
             Oct 2025: -2559.99
             Nov 2025: 0.00
             Dec 2025: -5119.98
           average (excl. last month): -1795.94
           last month: 0.05
           % diff: |0.05 - -1795.94| / |-1795.94| * 100 = 100.0028%
           -> FLAGGED — cell tinted yellow
[ROW 14] MATCH: 5000 COGS & Other Direct Expenses
[ROW 14]   all month cells empty — skipped
[ROW 15] MATCH: 5001 Actors & Voiceover Actors
[ROW 15]   fluctuation check (threshold 12.3%):
             Jul 2025: raw=0.00  normalized=0.000000
             Aug 2025: raw=250.00  normalized=0.002286
             Sep 2025: raw=0.00  normalized=0.000000
             Oct 2025: raw=0.00  normalized=0.000000
             Nov 2025: raw=0.00  normalized=0.000000
             Dec 2025: raw=0.00  normalized=0.000000
           average (normalized, excl. last month): 0.000381
           last month: raw=250.00  normalized=0.005115
           % diff: |0.005115 - 0.000381| / |0.000381| * 100 = 1242.4794%
           -> FLAGGED — cell tinted yellow
[ROW 16] MATCH: 5002 Cameras & Equipment
[ROW 16]   fluctuation check (threshold 24.3%):
             Jul 2025: raw=1835.42  normalized=0.012002
             Aug 2025: raw=1552.25  normalized=0.014195
             Sep 2025: raw=1935.96  normalized=0.037072
             Oct 2025: raw=0.00  normalized=0.000000
             Nov 2025: raw=339.96  normalized=0.004801
             Dec 2025: raw=2766.82  normalized=0.028499
           average (normalized, excl. last month): 0.016095
           last month: raw=59.78  normalized=0.001223
           % diff: |0.001223 - 0.016095| / |0.016095| * 100 = 92.4004%
           -> FLAGGED — cell tinted yellow
[ROW 17] MATCH: 5005 Stock Media & Materials
[ROW 17]   fluctuation check (threshold 10.5%):
             Jul 2025: raw=1546.40  normalized=0.010112
             Aug 2025: raw=219.00  normalized=0.002003
             Sep 2025: raw=170.97  normalized=0.003274
             Oct 2025: raw=300.00  normalized=0.009970
             Nov 2025: raw=300.00  normalized=0.004237
             Dec 2025: raw=900.00  normalized=0.009270
           average (normalized, excl. last month): 0.006478
           last month: raw=375.00  normalized=0.007673
           % diff: |0.007673 - 0.006478| / |0.006478| * 100 = 18.4504%
           -> FLAGGED — cell tinted yellow
[ROW 18] MATCH: 5006 Subcontractor Labor
[ROW 18]   fluctuation check (threshold 15.0%):
             Jul 2025: raw=43774.35  normalized=0.286238
             Aug 2025: raw=25175.66  normalized=0.230221
             Sep 2025: raw=10046.95  normalized=0.192392
             Oct 2025: raw=5544.11  normalized=0.184251
             Nov 2025: raw=9854.17  normalized=0.139171
             Dec 2025: raw=22058.72  normalized=0.227211
           average (normalized, excl. last month): 0.209914
           last month: raw=5513.77  normalized=0.112816
           % diff: |0.112816 - 0.209914| / |0.209914| * 100 = 46.2563%
           -> FLAGGED — cell tinted yellow
[ROW 20] MATCH: 5010 Direct Labor
[ROW 20]   all month cells empty — skipped
[ROW 21] MATCH: 5011 DL - Officer Wages
[ROW 21]   fluctuation check (threshold 14.0%):
             Jul 2025: raw=2000.00  normalized=0.013078
             Aug 2025: raw=2000.00  normalized=0.018289
             Sep 2025: raw=2000.00  normalized=0.038299
             Oct 2025: raw=2000.00  normalized=0.066467
             Nov 2025: raw=2000.00  normalized=0.028246
             Dec 2025: raw=2000.00  normalized=0.020601
           average (normalized, excl. last month): 0.030830
           last month: raw=2000.00  normalized=0.040921
           % diff: |0.040921 - 0.030830| / |0.030830| * 100 = 32.7326%
           -> FLAGGED — cell tinted yellow
[ROW 22] MATCH: 5021 DL - EE Wages
[ROW 22]   fluctuation check (threshold 18.4%):
             Jul 2025: raw=8957.59  normalized=0.058573
             Aug 2025: raw=12405.15  normalized=0.113440
             Sep 2025: raw=7035.00  normalized=0.134716
             Oct 2025: raw=4887.94  normalized=0.162444
             Nov 2025: raw=5877.24  normalized=0.083005
             Dec 2025: raw=16102.89  normalized=0.165864
           average (normalized, excl. last month): 0.119674
           last month: raw=8099.66  normalized=0.165725
           % diff: |0.165725 - 0.119674| / |0.119674| * 100 = 38.4806%
           -> FLAGGED — cell tinted yellow
[ROW 23] MATCH: 5022 DL - Taxes
[ROW 23]   fluctuation check (threshold 2.7%):
             Jul 2025: raw=1057.05  normalized=0.006912
             Aug 2025: raw=951.12  normalized=0.008698
             Sep 2025: raw=835.52  normalized=0.016000
             Oct 2025: raw=902.73  normalized=0.030001
             Nov 2025: raw=957.21  normalized=0.013519
             Dec 2025: raw=953.89  normalized=0.009825
           average (normalized, excl. last month): 0.014159
           last month: raw=945.03  normalized=0.019336
           % diff: |0.019336 - 0.014159| / |0.014159| * 100 = 36.5626%
           -> FLAGGED — cell tinted yellow
[ROW 24] MATCH: 5023 DL - Bonus
[ROW 24]   fluctuation check (threshold 2.1%):
             Jul 2025: raw=1890.00  normalized=0.012359
             Aug 2025: raw=2005.00  normalized=0.018335
             Sep 2025: raw=100.00  normalized=0.001915
             Oct 2025: raw=334.47  normalized=0.011116
             Nov 2025: raw=737.73  normalized=0.010419
             Dec 2025: raw=749.75  normalized=0.007723
           average (normalized, excl. last month): 0.010311
           last month: raw=30.00  normalized=0.000614
           % diff: |0.000614 - 0.010311| / |0.010311| * 100 = 94.0469%
           -> FLAGGED — cell tinted yellow
[ROW 27] MATCH: Gross Profit
[ROW 27]   fluctuation check (threshold 1.9%):
             Jul 2025: raw=91869.19  normalized=0.600727
             Aug 2025: raw=64796.14  normalized=0.592534
             Sep 2025: raw=30096.73  normalized=0.576332
             Oct 2025: raw=16120.72  normalized=0.535751
             Nov 2025: raw=50739.96  normalized=0.716603
             Dec 2025: raw=51552.86  normalized=0.531008
           average (normalized, excl. last month): 0.592159
           last month: raw=31600.95  normalized=0.646577
           % diff: |0.646577 - 0.592159| / |0.592159| * 100 = 9.1898%
           -> FLAGGED — cell tinted yellow
[ROW 29] MATCH: 6010 Payroll - Officers
[ROW 29]   all month cells empty — skipped
[ROW 30] MATCH: 6011 Officer Wages
[ROW 30]   fluctuation check (threshold 14.0%):
             Jul 2025: 8000.00
             Aug 2025: 8000.00
             Sep 2025: 8000.00
             Oct 2025: 8000.00
             Nov 2025: 8227.27
             Dec 2025: 7772.73
           average (excl. last month): 8000.00
           last month: 8227.27
           % diff: |8227.27 - 8000.00| / |8000.00| * 100 = 2.8409%
           -> OK — within threshold
[ROW 31] MATCH: 6012 Officer Taxes
[ROW 31]   fluctuation check (threshold 14.0%):
             Jul 2025: 765.00
             Aug 2025: 765.00
             Sep 2025: 765.00
             Oct 2025: 765.00
             Nov 2025: 782.39
             Dec 2025: 747.61
           average (excl. last month): 765.00
           last month: 853.04
           % diff: |853.04 - 765.00| / |765.00| * 100 = 11.5085%
           -> OK — within threshold
[ROW 32] MATCH: 6016 401(k) Employee Match
[ROW 32]   fluctuation check (threshold 4.5%):
             Jul 2025: 0.00
             Aug 2025: 345.30
             Sep 2025: 345.30
             Oct 2025: 345.30
             Nov 2025: 345.30
             Dec 2025: 345.30
           average (excl. last month): 287.75
           last month: 337.98
           % diff: |337.98 - 287.75| / |287.75| * 100 = 17.4561%
           -> FLAGGED — cell tinted yellow
[ROW 34] MATCH: 6020 Payroll - Employees
[ROW 34]   all month cells empty — skipped
[ROW 35] MATCH: 6021 Employee Wages
[ROW 35]   fluctuation check (threshold 10.6%):
             Jul 2025: 7799.24
             Aug 2025: 5365.16
             Sep 2025: 6728.79
             Oct 2025: 6728.79
             Nov 2025: 6940.75
             Dec 2025: 6516.83
           average (excl. last month): 6679.93
           last month: 7013.25
           % diff: |7013.25 - 6679.93| / |6679.93| * 100 = 4.9899%
           -> OK — within threshold
[ROW 36] MATCH: 6022 Employee Taxes
[ROW 36]   fluctuation check (threshold 4.8%):
             Jul 2025: 362.05
             Aug 2025: 415.05
             Sep 2025: 358.22
             Oct 2025: 369.38
             Nov 2025: 374.34
             Dec 2025: 383.48
           average (excl. last month): 377.09
           last month: 396.42
           % diff: |396.42 - 377.09| / |377.09| * 100 = 5.1270%
           -> FLAGGED — cell tinted yellow
[ROW 37] MATCH: 6023 Employee Bonus
[ROW 37]   fluctuation check (threshold 6.9%):
             Jul 2025: 73.64
             Aug 2025: 743.18
             Sep 2025: 45.45
             Oct 2025: 91.35
             Nov 2025: 0.00
             Dec 2025: 95.00
           average (excl. last month): 174.77
           last month: 0.00
           % diff: |0.00 - 174.77| / |174.77| * 100 = 100.0000%
           -> FLAGGED — cell tinted yellow
[ROW 39] MATCH: 6026 401(k) Employer Match
[ROW 39]   fluctuation check (threshold 21.0%):
             Jul 2025: 0.00
             Aug 2025: 585.11
             Sep 2025: 476.03
             Oct 2025: 489.91
             Nov 2025: 525.04
             Dec 2025: 512.88
           average (excl. last month): 431.50
           last month: 493.61
           % diff: |493.61 - 431.50| / |431.50| * 100 = 14.3953%
           -> OK — within threshold
[ROW 40] MATCH: 6030 Payroll Fees
[ROW 40]   fluctuation check (threshold 12.6%):
             Jul 2025: 351.59
             Aug 2025: 269.69
             Sep 2025: 250.51
             Oct 2025: 191.46
             Nov 2025: 148.17
             Dec 2025: 97.01
           average (excl. last month): 218.07
           last month: 202.52
           % diff: |202.52 - 218.07| / |218.07| * 100 = 7.1314%
           -> OK — within threshold
[ROW 42] MATCH: 6100 Advertising & Marketing
[ROW 42]   all month cells empty — skipped
[ROW 43] MATCH: 6101 Marketing
[ROW 43]   fluctuation check (threshold 13.6%):
             Jul 2025: 617.89
             Aug 2025: 699.72
             Sep 2025: 824.59
             Oct 2025: 347.78
             Nov 2025: 204.52
             Dec 2025: 267.25
           average (excl. last month): 493.63
           last month: 468.13
           % diff: |468.13 - 493.63| / |493.63| * 100 = 5.1649%
           -> OK — within threshold
[ROW 45] MATCH: 6150 Office & Other Admin Expenses
[ROW 45]   all month cells empty — skipped
[ROW 46] MATCH: 6151 Dues & Subscriptions
[ROW 46]   fluctuation check (threshold 15.2%):
             Jul 2025: 187.58
             Aug 2025: 133.40
             Sep 2025: 174.84
             Oct 2025: 360.35
             Nov 2025: 261.41
             Dec 2025: 375.68
           average (excl. last month): 248.88
           last month: 226.76
           % diff: |226.76 - 248.88| / |248.88| * 100 = 8.8866%
           -> OK — within threshold
[ROW 47] MATCH: 6154 Office expenses
[ROW 47]   fluctuation check (threshold 20.8%):
             Jul 2025: 1381.32
             Aug 2025: 355.54
             Sep 2025: 1530.24
             Oct 2025: 1931.22
             Nov 2025: 0.00
             Dec 2025: 687.37
           average (excl. last month): 980.95
           last month: 132.65
           % diff: |132.65 - 980.95| / |980.95| * 100 = 86.4774%
           -> FLAGGED — cell tinted yellow
[ROW 48] MATCH: 6155 Office Software
[ROW 48]   fluctuation check (threshold 22.1%):
             Jul 2025: 1479.02
             Aug 2025: 1613.51
             Sep 2025: 1632.03
             Oct 2025: 1784.39
             Nov 2025: 1433.46
             Dec 2025: 1613.39
           average (excl. last month): 1592.63
           last month: 2057.12
           % diff: |2057.12 - 1592.63| / |1592.63| * 100 = 29.1647%
           -> FLAGGED — cell tinted yellow
[ROW 49] MATCH: 6156 Shipping & Postage
[ROW 49]   last month cell is empty — tinted red
[ROW 51] MATCH: 6200 Travel
[ROW 51]   all month cells empty — skipped
[ROW 52] MATCH: 6201 Meals
[ROW 52]   fluctuation check (threshold 6.4%):
             Jul 2025: 302.32
             Aug 2025: 1915.38
             Sep 2025: 448.63
             Oct 2025: 364.60
             Nov 2025: 140.17
             Dec 2025: 410.51
           average (excl. last month): 596.94
           last month: 293.76
           % diff: |293.76 - 596.94| / |596.94| * 100 = 50.7886%
           -> FLAGGED — cell tinted yellow
[ROW 53] MATCH: 6202 Airfare
[ROW 53]   fluctuation check (threshold 7.3%):
             Jul 2025: 5673.57
             Aug 2025: 240.00
             Sep 2025: 382.96
             Oct 2025: 0.00
             Nov 2025: 0.00
             Dec 2025: 810.96
           average (excl. last month): 1184.58
           last month: 0.00
           % diff: |0.00 - 1184.58| / |1184.58| * 100 = 100.0000%
           -> FLAGGED — cell tinted yellow
[ROW 55] MATCH: 6204 Transportation
[ROW 55]   fluctuation check (threshold 8.5%):
             Jul 2025: 160.25
             Aug 2025: 237.54
             Sep 2025: 9.99
             Oct 2025: 604.80
             Nov 2025: 0.00
             Dec 2025: 1242.37
           average (excl. last month): 375.82
           last month: -23.91
           % diff: |-23.91 - 375.82| / |375.82| * 100 = 106.3620%
           -> FLAGGED — cell tinted yellow
[ROW 57] MATCH: 6300 Vehicle Expenses
[ROW 57]   all month cells empty — skipped
[ROW 58] MATCH: 6301 Gas
[ROW 58]   fluctuation check (threshold 13.6%):
             Jul 2025: 0.00
             Aug 2025: 0.00
             Sep 2025: 0.00
             Oct 2025: 48.65
             Nov 2025: 0.00
             Dec 2025: 93.38
           average (excl. last month): 23.67
           last month: 57.18
           % diff: |57.18 - 23.67| / |23.67| * 100 = 141.5546%
           -> FLAGGED — cell tinted yellow
[ROW 59] MATCH: 6302 Parking & Tolls
[ROW 59]   last month cell is empty — tinted red
[ROW 60] MATCH: 6303 Repairs & Maintenance
[ROW 60]   fluctuation check (threshold 9.3%):
             Jul 2025: 0.00
             Aug 2025: 0.00
             Sep 2025: 0.00
             Oct 2025: 0.00
             Nov 2025: 0.00
             Dec 2025: 4516.00
           average (excl. last month): 752.67
           last month: 500.00
           % diff: |500.00 - 752.67| / |752.67| * 100 = 33.5695%
           -> FLAGGED — cell tinted yellow
[ROW 62] MATCH: 6400 Rent & Utilities Expenses
[ROW 62]   all month cells empty — skipped
[ROW 63] MATCH: 6401 Rent & Lease
[ROW 63]   fluctuation check (threshold 14.5%):
             Jul 2025: 4000.00
             Aug 2025: 4250.00
             Sep 2025: 4500.00
             Oct 2025: 3500.00
             Nov 2025: 4172.50
             Dec 2025: 4000.00
           average (excl. last month): 4070.42
           last month: 4000.00
           % diff: |4000.00 - 4070.42| / |4070.42| * 100 = 1.7300%
           -> OK — within threshold
[ROW 64] MATCH: 6403 Internet
[ROW 64]   fluctuation check (threshold 16.0%):
             Jul 2025: 210.96
             Aug 2025: 100.00
             Sep 2025: 100.00
             Oct 2025: 100.00
             Nov 2025: 100.00
             Dec 2025: 100.00
           average (excl. last month): 118.49
           last month: 100.00
           % diff: |100.00 - 118.49| / |118.49| * 100 = 15.6071%
           -> OK — within threshold
[ROW 65] MATCH: 6404 Telephone
[ROW 65]   fluctuation check (threshold 13.9%):
             Jul 2025: 210.19
             Aug 2025: 321.15
             Sep 2025: 321.15
             Oct 2025: 330.32
             Nov 2025: 312.24
             Dec 2025: 316.72
           average (excl. last month): 301.96
           last month: 324.73
           % diff: |324.73 - 301.96| / |301.96| * 100 = 7.5401%
           -> OK — within threshold
[ROW 67] MATCH: 6500 Taxes & Licenses
[ROW 67]   all month cells empty — skipped
[ROW 70] MATCH: 6600 Insurance Expenses
[ROW 70]   all month cells empty — skipped
[ROW 71] MATCH: 6601 General Liability Insurance
[ROW 71]   fluctuation check (threshold 0.4%):
             Jul 2025: 62.83
             Aug 2025: 62.83
             Sep 2025: 62.83
             Oct 2025: 62.83
             Nov 2025: 62.83
             Dec 2025: 62.83
           average (excl. last month): 62.83
           last month: 62.83
           % diff: |62.83 - 62.83| / |62.83| * 100 = 0.0000%
           -> OK — within threshold
[ROW 72] MATCH: 6602 Equipment Insurance
[ROW 72]   fluctuation check (threshold 0.4%):
             Jul 2025: 144.97
             Aug 2025: 144.97
             Sep 2025: 144.97
             Oct 2025: 144.97
             Nov 2025: 144.97
             Dec 2025: 144.97
           average (excl. last month): 144.97
           last month: 144.97
           % diff: |144.97 - 144.97| / |144.97| * 100 = 0.0000%
           -> OK — within threshold
[ROW 73] MATCH: 6603 Dental Insurance
[ROW 73]   fluctuation check (threshold 0.4%):
             Jul 2025: 195.12
             Aug 2025: 195.12
             Sep 2025: 195.12
             Oct 2025: 195.12
             Nov 2025: 195.12
             Dec 2025: 193.17
           average (excl. last month): 194.79
           last month: 193.17
           % diff: |193.17 - 194.79| / |194.79| * 100 = 0.8342%
           -> FLAGGED — cell tinted yellow
[ROW 74] MATCH: 6604 Health insurance
[ROW 74]   fluctuation check (threshold 0.4%):
             Jul 2025: 3407.74
             Aug 2025: 3407.74
             Sep 2025: 3407.74
             Oct 2025: 3407.74
             Nov 2025: 3407.74
             Dec 2025: 3407.74
           average (excl. last month): 3407.74
           last month: 2657.16
           % diff: |2657.16 - 3407.74| / |3407.74| * 100 = 22.0257%
           -> FLAGGED — cell tinted yellow
[ROW 75] MATCH: 6605 Life & Vision Insurance
[ROW 75]   fluctuation check (threshold 0.4%):
             Jul 2025: 58.53
             Aug 2025: 58.53
             Sep 2025: 58.53
             Oct 2025: 58.53
             Nov 2025: 58.53
             Dec 2025: 58.53
           average (excl. last month): 58.53
           last month: 60.33
           % diff: |60.33 - 58.53| / |58.53| * 100 = 3.0753%
           -> FLAGGED — cell tinted yellow
[ROW 76] MATCH: 6606 Worker's Comp Insurance
[ROW 76]   fluctuation check (threshold 0.4%):
             Jul 2025: 208.50
             Aug 2025: 1584.50
             Sep 2025: 208.50
             Oct 2025: 208.50
             Nov 2025: 208.50
             Dec 2025: 208.50
           average (excl. last month): 437.83
           last month: 208.50
           % diff: |208.50 - 437.83| / |437.83| * 100 = 52.3791%
           -> FLAGGED — cell tinted yellow
[ROW 78] MATCH: 6700 Bank & Other Financing Fees
[ROW 78]   all month cells empty — skipped
[ROW 79] MATCH: 6701 Bank & CC Fees
[ROW 79]   fluctuation check (threshold 14.9%):
             Jul 2025: 0.00
             Aug 2025: 375.00
             Sep 2025: -375.00
             Oct 2025: 0.00
             Nov 2025: 0.00
             Dec 2025: 895.00
           average (excl. last month): 149.17
           last month: 189.00
           % diff: |189.00 - 149.17| / |149.17| * 100 = 26.7039%
           -> FLAGGED — cell tinted yellow
[ROW 80] MATCH: 6703 QuickBooks Payments Fees
[ROW 80]   fluctuation check (threshold 21.3%):
             Jul 2025: 66.20
             Aug 2025: 161.61
             Sep 2025: 136.50
             Oct 2025: 218.27
             Nov 2025: 368.59
             Dec 2025: 97.20
           average (excl. last month): 174.73
           last month: 248.37
           % diff: |248.37 - 174.73| / |174.73| * 100 = 42.1464%
           -> FLAGGED — cell tinted yellow
[ROW 82] MATCH: 6800 Legal & Professional Services
[ROW 82]   all month cells empty — skipped
[ROW 83] MATCH: 6801 Accounting
[ROW 83]   fluctuation check (threshold 9.3%):
             Jul 2025: 2550.00
             Aug 2025: 2550.00
             Sep 2025: 2550.00
             Oct 2025: 2550.00
             Nov 2025: 2550.00
             Dec 2025: 2550.00
           average (excl. last month): 2550.00
           last month: 2550.00
           % diff: |2550.00 - 2550.00| / |2550.00| * 100 = 0.0000%
           -> OK — within threshold
[ROW 84] MATCH: 6802 Business Consulting
[ROW 84]   fluctuation check (threshold 22.1%):
             Jul 2025: 119.00
             Aug 2025: 0.00
             Sep 2025: 0.00
             Oct 2025: 3071.67
             Nov 2025: 3071.67
             Dec 2025: 3071.67
           average (excl. last month): 1555.67
           last month: 3071.67
           % diff: |3071.67 - 1555.67| / |1555.67| * 100 = 97.4502%
           -> FLAGGED — cell tinted yellow
[ROW 91] MATCH: 7000 Other Income
[ROW 91]   all month cells empty — skipped
[ROW 93] MATCH: 7003 Misc Income
[ROW 93]   fluctuation check (threshold 14.8%):
             Jul 2025: 0.00
             Aug 2025: 0.00
             Sep 2025: 0.00
             Oct 2025: 0.00
             Nov 2025: 0.00
             Dec 2025: 0.00
           average (excl. last month): 0.00
           last month: 19715.80
           % diff: |19715.80 - 0.00| / |0.00| * 100 = +Inf%
           -> FLAGGED — cell tinted yellow
[ROW 97] MATCH: 8000 Other Expenses
[ROW 97]   all month cells empty — skipped
[ROW 98] MATCH: 8001 Depreciation
[ROW 98]   fluctuation check (threshold 24.6%):
             Jul 2025: 238.72
             Aug 2025: 238.72
             Sep 2025: 238.72
             Oct 2025: 238.72
             Nov 2025: 551.69
             Dec 2025: 551.69
           average (excl. last month): 343.04
           last month: 1378.82
           % diff: |1378.82 - 343.04| / |343.04| * 100 = 301.9376%
           -> FLAGGED — cell tinted yellow
[ROW 99] MATCH: 8003 Interest Expense
[ROW 99]   fluctuation check (threshold 2.4%):
             Jul 2025: 0.00
             Aug 2025: 0.00
             Sep 2025: 0.00
             Oct 2025: 146.84
             Nov 2025: 10.83
             Dec 2025: 0.00
           average (excl. last month): 26.28
           last month: 2.62
           % diff: |2.62 - 26.28| / |26.28| * 100 = 90.0298%
           -> FLAGGED — cell tinted yellow
=== griffith_financials.xlsx processed at 2026-04-08 19:38:35 ===

[ROW 7] MATCH: 4000 Video Income
[ROW 7]   fluctuation check (threshold 5.3%):
             Jul 2025: 148730.00
             Aug 2025: 105154.32
             Sep 2025: 51041.79
             Oct 2025: 26349.96
             Nov 2025: 50121.27
             Dec 2025: 98004.91
           average (excl. last month): 79900.38
           last month: 24919.14
           % diff: |24919.14 - 79900.38| / |79900.38| * 100 = 68.8122%
           -> FLAGGED — cell tinted yellow
[ROW 8] MATCH: 4002 Retainer Income
[ROW 8]   fluctuation check (threshold 6.5%):
             Jul 2025: 4200.00
             Aug 2025: 4200.00
             Sep 2025: 4200.00
             Oct 2025: 6300.00
             Nov 2025: 20685.00
             Dec 2025: 4200.00
           average (excl. last month): 7297.50
           last month: 23870.00
           % diff: |23870.00 - 7297.50| / |7297.50| * 100 = 227.0983%
           -> FLAGGED — cell tinted yellow
[ROW 10] MATCH: 4005 Shipping Income
[ROW 10]   fluctuation check (threshold 11.0%):
             Jul 2025: 0.00
             Aug 2025: 0.00
             Sep 2025: 18.00
             Oct 2025: 0.00
             Nov 2025: 0.00
             Dec 2025: 0.00
           average (excl. last month): 3.00
           last month: 85.00
           % diff: |85.00 - 3.00| / |3.00| * 100 = 2733.3333%
           -> FLAGGED — cell tinted yellow
[ROW 11] MATCH: 4100 Discounts & Refunds given
[ROW 11]   fluctuation check (threshold 20.0%):
             Jul 2025: 0.00
             Aug 2025: 0.00
             Sep 2025: -3095.66
             Oct 2025: -2559.99
             Nov 2025: 0.00
             Dec 2025: -5119.98
           average (excl. last month): -1795.94
           last month: 0.05
           % diff: |0.05 - -1795.94| / |-1795.94| * 100 = 100.0028%
           -> FLAGGED — cell tinted yellow
[ROW 14] MATCH: 5000 COGS & Other Direct Expenses
[ROW 14]   all month cells empty — skipped
[ROW 15] MATCH: 5001 Actors & Voiceover Actors
[ROW 15]   fluctuation check (threshold 23.9%):
             Jul 2025: raw=0.00  normalized=0.000000
             Aug 2025: raw=250.00  normalized=0.002286
             Sep 2025: raw=0.00  normalized=0.000000
             Oct 2025: raw=0.00  normalized=0.000000
             Nov 2025: raw=0.00  normalized=0.000000
             Dec 2025: raw=0.00  normalized=0.000000
           average (normalized, excl. last month): 0.000381
           last month: raw=250.00  normalized=0.005115
           % diff: |0.005115 - 0.000381| / |0.000381| * 100 = 1242.4794%
           -> FLAGGED — cell tinted yellow
[ROW 16] MATCH: 5002 Cameras & Equipment
[ROW 16]   fluctuation check (threshold 18.7%):
             Jul 2025: raw=1835.42  normalized=0.012002
             Aug 2025: raw=1552.25  normalized=0.014195
             Sep 2025: raw=1935.96  normalized=0.037072
             Oct 2025: raw=0.00  normalized=0.000000
             Nov 2025: raw=339.96  normalized=0.004801
             Dec 2025: raw=2766.82  normalized=0.028499
           average (normalized, excl. last month): 0.016095
           last month: raw=59.78  normalized=0.001223
           % diff: |0.001223 - 0.016095| / |0.016095| * 100 = 92.4004%
           -> FLAGGED — cell tinted yellow
[ROW 17] MATCH: 5005 Stock Media & Materials
[ROW 17]   fluctuation check (threshold 13.8%):
             Jul 2025: raw=1546.40  normalized=0.010112
             Aug 2025: raw=219.00  normalized=0.002003
             Sep 2025: raw=170.97  normalized=0.003274
             Oct 2025: raw=300.00  normalized=0.009970
             Nov 2025: raw=300.00  normalized=0.004237
             Dec 2025: raw=900.00  normalized=0.009270
           average (normalized, excl. last month): 0.006478
           last month: raw=375.00  normalized=0.007673
           % diff: |0.007673 - 0.006478| / |0.006478| * 100 = 18.4504%
           -> FLAGGED — cell tinted yellow
[ROW 18] MATCH: 5006 Subcontractor Labor
[ROW 18]   fluctuation check (threshold 0.6%):
             Jul 2025: raw=43774.35  normalized=0.286238
             Aug 2025: raw=25175.66  normalized=0.230221
             Sep 2025: raw=10046.95  normalized=0.192392
             Oct 2025: raw=5544.11  normalized=0.184251
             Nov 2025: raw=9854.17  normalized=0.139171
             Dec 2025: raw=22058.72  normalized=0.227211
           average (normalized, excl. last month): 0.209914
           last month: raw=5513.77  normalized=0.112816
           % diff: |0.112816 - 0.209914| / |0.209914| * 100 = 46.2563%
           -> FLAGGED — cell tinted yellow
[ROW 20] MATCH: 5010 Direct Labor
[ROW 20]   all month cells empty — skipped
[ROW 21] MATCH: 5011 DL - Officer Wages
[ROW 21]   fluctuation check (threshold 7.5%):
             Jul 2025: raw=2000.00  normalized=0.013078
             Aug 2025: raw=2000.00  normalized=0.018289
             Sep 2025: raw=2000.00  normalized=0.038299
             Oct 2025: raw=2000.00  normalized=0.066467
             Nov 2025: raw=2000.00  normalized=0.028246
             Dec 2025: raw=2000.00  normalized=0.020601
           average (normalized, excl. last month): 0.030830
           last month: raw=2000.00  normalized=0.040921
           % diff: |0.040921 - 0.030830| / |0.030830| * 100 = 32.7326%
           -> FLAGGED — cell tinted yellow
[ROW 22] MATCH: 5021 DL - EE Wages
[ROW 22]   fluctuation check (threshold 13.4%):
             Jul 2025: raw=8957.59  normalized=0.058573
             Aug 2025: raw=12405.15  normalized=0.113440
             Sep 2025: raw=7035.00  normalized=0.134716
             Oct 2025: raw=4887.94  normalized=0.162444
             Nov 2025: raw=5877.24  normalized=0.083005
             Dec 2025: raw=16102.89  normalized=0.165864
           average (normalized, excl. last month): 0.119674
           last month: raw=8099.66  normalized=0.165725
           % diff: |0.165725 - 0.119674| / |0.119674| * 100 = 38.4806%
           -> FLAGGED — cell tinted yellow
[ROW 23] MATCH: 5022 DL - Taxes
[ROW 23]   fluctuation check (threshold 4.3%):
             Jul 2025: raw=1057.05  normalized=0.006912
             Aug 2025: raw=951.12  normalized=0.008698
             Sep 2025: raw=835.52  normalized=0.016000
             Oct 2025: raw=902.73  normalized=0.030001
             Nov 2025: raw=957.21  normalized=0.013519
             Dec 2025: raw=953.89  normalized=0.009825
           average (normalized, excl. last month): 0.014159
           last month: raw=945.03  normalized=0.019336
           % diff: |0.019336 - 0.014159| / |0.014159| * 100 = 36.5626%
           -> FLAGGED — cell tinted yellow
[ROW 24] MATCH: 5023 DL - Bonus
[ROW 24]   fluctuation check (threshold 2.9%):
             Jul 2025: raw=1890.00  normalized=0.012359
             Aug 2025: raw=2005.00  normalized=0.018335
             Sep 2025: raw=100.00  normalized=0.001915
             Oct 2025: raw=334.47  normalized=0.011116
             Nov 2025: raw=737.73  normalized=0.010419
             Dec 2025: raw=749.75  normalized=0.007723
           average (normalized, excl. last month): 0.010311
           last month: raw=30.00  normalized=0.000614
           % diff: |0.000614 - 0.010311| / |0.010311| * 100 = 94.0469%
           -> FLAGGED — cell tinted yellow
[ROW 27] MATCH: Gross Profit
[ROW 27]   fluctuation check (threshold 10.8%):
             Jul 2025: raw=91869.19  normalized=0.600727
             Aug 2025: raw=64796.14  normalized=0.592534
             Sep 2025: raw=30096.73  normalized=0.576332
             Oct 2025: raw=16120.72  normalized=0.535751
             Nov 2025: raw=50739.96  normalized=0.716603
             Dec 2025: raw=51552.86  normalized=0.531008
           average (normalized, excl. last month): 0.592159
           last month: raw=31600.95  normalized=0.646577
           % diff: |0.646577 - 0.592159| / |0.592159| * 100 = 9.1898%
           -> OK — within threshold
[ROW 29] MATCH: 6010 Payroll - Officers
[ROW 29]   all month cells empty — skipped
[ROW 30] MATCH: 6011 Officer Wages
[ROW 30]   fluctuation check (threshold 7.5%):
             Jul 2025: 8000.00
             Aug 2025: 8000.00
             Sep 2025: 8000.00
             Oct 2025: 8000.00
             Nov 2025: 8227.27
             Dec 2025: 7772.73
           average (excl. last month): 8000.00
           last month: 8227.27
           % diff: |8227.27 - 8000.00| / |8000.00| * 100 = 2.8409%
           -> OK — within threshold
[ROW 31] MATCH: 6012 Officer Taxes
[ROW 31]   fluctuation check (threshold 7.5%):
             Jul 2025: 765.00
             Aug 2025: 765.00
             Sep 2025: 765.00
             Oct 2025: 765.00
             Nov 2025: 782.39
             Dec 2025: 747.61
           average (excl. last month): 765.00
           last month: 853.04
           % diff: |853.04 - 765.00| / |765.00| * 100 = 11.5085%
           -> FLAGGED — cell tinted yellow
[ROW 32] MATCH: 6016 401(k) Employee Match
[ROW 32]   fluctuation check (threshold 24.4%):
             Jul 2025: 0.00
             Aug 2025: 345.30
             Sep 2025: 345.30
             Oct 2025: 345.30
             Nov 2025: 345.30
             Dec 2025: 345.30
           average (excl. last month): 287.75
           last month: 337.98
           % diff: |337.98 - 287.75| / |287.75| * 100 = 17.4561%
           -> OK — within threshold
[ROW 34] MATCH: 6020 Payroll - Employees
[ROW 34]   all month cells empty — skipped
[ROW 35] MATCH: 6021 Employee Wages
[ROW 35]   fluctuation check (threshold 2.6%):
             Jul 2025: 7799.24
             Aug 2025: 5365.16
             Sep 2025: 6728.79
             Oct 2025: 6728.79
             Nov 2025: 6940.75
             Dec 2025: 6516.83
           average (excl. last month): 6679.93
           last month: 7013.25
           % diff: |7013.25 - 6679.93| / |6679.93| * 100 = 4.9899%
           -> FLAGGED — cell tinted yellow
[ROW 36] MATCH: 6022 Employee Taxes
[ROW 36]   fluctuation check (threshold 5.7%):
             Jul 2025: 362.05
             Aug 2025: 415.05
             Sep 2025: 358.22
             Oct 2025: 369.38
             Nov 2025: 374.34
             Dec 2025: 383.48
           average (excl. last month): 377.09
           last month: 396.42
           % diff: |396.42 - 377.09| / |377.09| * 100 = 5.1270%
           -> OK — within threshold
[ROW 37] MATCH: 6023 Employee Bonus
[ROW 37]   fluctuation check (threshold 10.5%):
             Jul 2025: 73.64
             Aug 2025: 743.18
             Sep 2025: 45.45
             Oct 2025: 91.35
             Nov 2025: 0.00
             Dec 2025: 95.00
           average (excl. last month): 174.77
           last month: 0.00
           % diff: |0.00 - 174.77| / |174.77| * 100 = 100.0000%
           -> FLAGGED — cell tinted yellow
[ROW 38] MATCH: 6024 Employee Reimbursement
[ROW 38]   last month cell is empty — tinted red
[ROW 39] MATCH: 6026 401(k) Employer Match
[ROW 39]   fluctuation check (threshold 18.1%):
             Jul 2025: 0.00
             Aug 2025: 585.11
             Sep 2025: 476.03
             Oct 2025: 489.91
             Nov 2025: 525.04
             Dec 2025: 512.88
           average (excl. last month): 431.50
           last month: 493.61
           % diff: |493.61 - 431.50| / |431.50| * 100 = 14.3953%
           -> OK — within threshold
[ROW 40] MATCH: 6030 Payroll Fees
[ROW 40]   fluctuation check (threshold 0.8%):
             Jul 2025: 351.59
             Aug 2025: 269.69
             Sep 2025: 250.51
             Oct 2025: 191.46
             Nov 2025: 148.17
             Dec 2025: 97.01
           average (excl. last month): 218.07
           last month: 202.52
           % diff: |202.52 - 218.07| / |218.07| * 100 = 7.1314%
           -> FLAGGED — cell tinted yellow
[ROW 42] MATCH: 6100 Advertising & Marketing
[ROW 42]   all month cells empty — skipped
[ROW 43] MATCH: 6101 Marketing
[ROW 43]   fluctuation check (threshold 4.8%):
             Jul 2025: 617.89
             Aug 2025: 699.72
             Sep 2025: 824.59
             Oct 2025: 347.78
             Nov 2025: 204.52
             Dec 2025: 267.25
           average (excl. last month): 493.63
           last month: 468.13
           % diff: |468.13 - 493.63| / |493.63| * 100 = 5.1649%
           -> FLAGGED — cell tinted yellow
[ROW 45] MATCH: 6150 Office & Other Admin Expenses
[ROW 45]   all month cells empty — skipped
[ROW 46] MATCH: 6151 Dues & Subscriptions
[ROW 46]   fluctuation check (threshold 20.0%):
             Jul 2025: 187.58
             Aug 2025: 133.40
             Sep 2025: 174.84
             Oct 2025: 360.35
             Nov 2025: 261.41
             Dec 2025: 375.68
           average (excl. last month): 248.88
           last month: 226.76
           % diff: |226.76 - 248.88| / |248.88| * 100 = 8.8866%
           -> OK — within threshold
[ROW 47] MATCH: 6154 Office expenses
[ROW 47]   fluctuation check (threshold 10.4%):
             Jul 2025: 1381.32
             Aug 2025: 355.54
             Sep 2025: 1530.24
             Oct 2025: 1931.22
             Nov 2025: 0.00
             Dec 2025: 687.37
           average (excl. last month): 980.95
           last month: 132.65
           % diff: |132.65 - 980.95| / |980.95| * 100 = 86.4774%
           -> FLAGGED — cell tinted yellow
[ROW 48] MATCH: 6155 Office Software
[ROW 48]   fluctuation check (threshold 4.5%):
             Jul 2025: 1479.02
             Aug 2025: 1613.51
             Sep 2025: 1632.03
             Oct 2025: 1784.39
             Nov 2025: 1433.46
             Dec 2025: 1613.39
           average (excl. last month): 1592.63
           last month: 2057.12
           % diff: |2057.12 - 1592.63| / |1592.63| * 100 = 29.1647%
           -> FLAGGED — cell tinted yellow
[ROW 49] MATCH: 6156 Shipping & Postage
[ROW 49]   last month cell is empty — tinted red
[ROW 51] MATCH: 6200 Travel
[ROW 51]   all month cells empty — skipped
[ROW 52] MATCH: 6201 Meals
[ROW 52]   fluctuation check (threshold 3.8%):
             Jul 2025: 302.32
             Aug 2025: 1915.38
             Sep 2025: 448.63
             Oct 2025: 364.60
             Nov 2025: 140.17
             Dec 2025: 410.51
           average (excl. last month): 596.94
           last month: 293.76
           % diff: |293.76 - 596.94| / |596.94| * 100 = 50.7886%
           -> FLAGGED — cell tinted yellow
[ROW 53] MATCH: 6202 Airfare
[ROW 53]   fluctuation check (threshold 7.6%):
             Jul 2025: 5673.57
             Aug 2025: 240.00
             Sep 2025: 382.96
             Oct 2025: 0.00
             Nov 2025: 0.00
             Dec 2025: 810.96
           average (excl. last month): 1184.58
           last month: 0.00
           % diff: |0.00 - 1184.58| / |1184.58| * 100 = 100.0000%
           -> FLAGGED — cell tinted yellow
[ROW 55] MATCH: 6204 Transportation
[ROW 55]   fluctuation check (threshold 18.8%):
             Jul 2025: 160.25
             Aug 2025: 237.54
             Sep 2025: 9.99
             Oct 2025: 604.80
             Nov 2025: 0.00
             Dec 2025: 1242.37
           average (excl. last month): 375.82
           last month: -23.91
           % diff: |-23.91 - 375.82| / |375.82| * 100 = 106.3620%
           -> FLAGGED — cell tinted yellow
[ROW 57] MATCH: 6300 Vehicle Expenses
[ROW 57]   all month cells empty — skipped
[ROW 58] MATCH: 6301 Gas
[ROW 58]   fluctuation check (threshold 8.7%):
             Jul 2025: 0.00
             Aug 2025: 0.00
             Sep 2025: 0.00
             Oct 2025: 48.65
             Nov 2025: 0.00
             Dec 2025: 93.38
           average (excl. last month): 23.67
           last month: 57.18
           % diff: |57.18 - 23.67| / |23.67| * 100 = 141.5546%
           -> FLAGGED — cell tinted yellow
[ROW 59] MATCH: 6302 Parking & Tolls
[ROW 59]   last month cell is empty — tinted red
[ROW 60] MATCH: 6303 Repairs & Maintenance
[ROW 60]   fluctuation check (threshold 16.8%):
             Jul 2025: 0.00
             Aug 2025: 0.00
             Sep 2025: 0.00
             Oct 2025: 0.00
             Nov 2025: 0.00
             Dec 2025: 4516.00
           average (excl. last month): 752.67
           last month: 500.00
           % diff: |500.00 - 752.67| / |752.67| * 100 = 33.5695%
           -> FLAGGED — cell tinted yellow
[ROW 62] MATCH: 6400 Rent & Utilities Expenses
[ROW 62]   all month cells empty — skipped
[ROW 63] MATCH: 6401 Rent & Lease
[ROW 63]   fluctuation check (threshold 17.2%):
             Jul 2025: 4000.00
             Aug 2025: 4250.00
             Sep 2025: 4500.00
             Oct 2025: 3500.00
             Nov 2025: 4172.50
             Dec 2025: 4000.00
           average (excl. last month): 4070.42
           last month: 4000.00
           % diff: |4000.00 - 4070.42| / |4070.42| * 100 = 1.7300%
           -> OK — within threshold
[ROW 64] MATCH: 6403 Internet
[ROW 64]   fluctuation check (threshold 13.8%):
             Jul 2025: 210.96
             Aug 2025: 100.00
             Sep 2025: 100.00
             Oct 2025: 100.00
             Nov 2025: 100.00
             Dec 2025: 100.00
           average (excl. last month): 118.49
           last month: 100.00
           % diff: |100.00 - 118.49| / |118.49| * 100 = 15.6071%
           -> FLAGGED — cell tinted yellow
[ROW 65] MATCH: 6404 Telephone
[ROW 65]   fluctuation check (threshold 1.8%):
             Jul 2025: 210.19
             Aug 2025: 321.15
             Sep 2025: 321.15
             Oct 2025: 330.32
             Nov 2025: 312.24
             Dec 2025: 316.72
           average (excl. last month): 301.96
           last month: 324.73
           % diff: |324.73 - 301.96| / |301.96| * 100 = 7.5401%
           -> FLAGGED — cell tinted yellow
[ROW 67] MATCH: 6500 Taxes & Licenses
[ROW 67]   all month cells empty — skipped
[ROW 70] MATCH: 6600 Insurance Expenses
[ROW 70]   all month cells empty — skipped
[ROW 71] MATCH: 6601 General Liability Insurance
[ROW 71]   fluctuation check (threshold 6.1%):
             Jul 2025: 62.83
             Aug 2025: 62.83
             Sep 2025: 62.83
             Oct 2025: 62.83
             Nov 2025: 62.83
             Dec 2025: 62.83
           average (excl. last month): 62.83
           last month: 62.83
           % diff: |62.83 - 62.83| / |62.83| * 100 = 0.0000%
           -> OK — within threshold
[ROW 72] MATCH: 6602 Equipment Insurance
[ROW 72]   fluctuation check (threshold 6.1%):
             Jul 2025: 144.97
             Aug 2025: 144.97
             Sep 2025: 144.97
             Oct 2025: 144.97
             Nov 2025: 144.97
             Dec 2025: 144.97
           average (excl. last month): 144.97
           last month: 144.97
           % diff: |144.97 - 144.97| / |144.97| * 100 = 0.0000%
           -> OK — within threshold
[ROW 73] MATCH: 6603 Dental Insurance
[ROW 73]   fluctuation check (threshold 6.1%):
             Jul 2025: 195.12
             Aug 2025: 195.12
             Sep 2025: 195.12
             Oct 2025: 195.12
             Nov 2025: 195.12
             Dec 2025: 193.17
           average (excl. last month): 194.79
           last month: 193.17
           % diff: |193.17 - 194.79| / |194.79| * 100 = 0.8342%
           -> OK — within threshold
[ROW 74] MATCH: 6604 Health insurance
[ROW 74]   fluctuation check (threshold 6.1%):
             Jul 2025: 3407.74
             Aug 2025: 3407.74
             Sep 2025: 3407.74
             Oct 2025: 3407.74
             Nov 2025: 3407.74
             Dec 2025: 3407.74
           average (excl. last month): 3407.74
           last month: 2657.16
           % diff: |2657.16 - 3407.74| / |3407.74| * 100 = 22.0257%
           -> FLAGGED — cell tinted yellow
[ROW 75] MATCH: 6605 Life & Vision Insurance
[ROW 75]   fluctuation check (threshold 6.1%):
             Jul 2025: 58.53
             Aug 2025: 58.53
             Sep 2025: 58.53
             Oct 2025: 58.53
             Nov 2025: 58.53
             Dec 2025: 58.53
           average (excl. last month): 58.53
           last month: 60.33
           % diff: |60.33 - 58.53| / |58.53| * 100 = 3.0753%
           -> OK — within threshold
[ROW 76] MATCH: 6606 Worker's Comp Insurance
[ROW 76]   fluctuation check (threshold 6.1%):
             Jul 2025: 208.50
             Aug 2025: 1584.50
             Sep 2025: 208.50
             Oct 2025: 208.50
             Nov 2025: 208.50
             Dec 2025: 208.50
           average (excl. last month): 437.83
           last month: 208.50
           % diff: |208.50 - 437.83| / |437.83| * 100 = 52.3791%
           -> FLAGGED — cell tinted yellow
[ROW 78] MATCH: 6700 Bank & Other Financing Fees
[ROW 78]   all month cells empty — skipped
[ROW 79] MATCH: 6701 Bank & CC Fees
[ROW 79]   fluctuation check (threshold 15.9%):
             Jul 2025: 0.00
             Aug 2025: 375.00
             Sep 2025: -375.00
             Oct 2025: 0.00
             Nov 2025: 0.00
             Dec 2025: 895.00
           average (excl. last month): 149.17
           last month: 189.00
           % diff: |189.00 - 149.17| / |149.17| * 100 = 26.7039%
           -> FLAGGED — cell tinted yellow
[ROW 80] MATCH: 6703 QuickBooks Payments Fees
[ROW 80]   fluctuation check (threshold 21.5%):
             Jul 2025: 66.20
             Aug 2025: 161.61
             Sep 2025: 136.50
             Oct 2025: 218.27
             Nov 2025: 368.59
             Dec 2025: 97.20
           average (excl. last month): 174.73
           last month: 248.37
           % diff: |248.37 - 174.73| / |174.73| * 100 = 42.1464%
           -> FLAGGED — cell tinted yellow
[ROW 82] MATCH: 6800 Legal & Professional Services
[ROW 82]   all month cells empty — skipped
[ROW 83] MATCH: 6801 Accounting
[ROW 83]   fluctuation check (threshold 2.6%):
             Jul 2025: 2550.00
             Aug 2025: 2550.00
             Sep 2025: 2550.00
             Oct 2025: 2550.00
             Nov 2025: 2550.00
             Dec 2025: 2550.00
           average (excl. last month): 2550.00
           last month: 2550.00
           % diff: |2550.00 - 2550.00| / |2550.00| * 100 = 0.0000%
           -> OK — within threshold
[ROW 84] MATCH: 6802 Business Consulting
[ROW 84]   fluctuation check (threshold 16.7%):
             Jul 2025: 119.00
             Aug 2025: 0.00
             Sep 2025: 0.00
             Oct 2025: 3071.67
             Nov 2025: 3071.67
             Dec 2025: 3071.67
           average (excl. last month): 1555.67
           last month: 3071.67
           % diff: |3071.67 - 1555.67| / |1555.67| * 100 = 97.4502%
           -> FLAGGED — cell tinted yellow
[ROW 91] MATCH: 7000 Other Income
[ROW 91]   all month cells empty — skipped
[ROW 92] MATCH: 7001 Cash Reward
[ROW 92]   last month cell is empty — tinted red
[ROW 93] MATCH: 7003 Misc Income
[ROW 93]   fluctuation check (threshold 6.0%):
             Jul 2025: 0.00
             Aug 2025: 0.00
             Sep 2025: 0.00
             Oct 2025: 0.00
             Nov 2025: 0.00
             Dec 2025: 0.00
           average (excl. last month): 0.00
           last month: 19715.80
           % diff: |19715.80 - 0.00| / |0.00| * 100 = +Inf%
           -> FLAGGED — cell tinted yellow
[ROW 97] MATCH: 8000 Other Expenses
[ROW 97]   all month cells empty — skipped
[ROW 98] MATCH: 8001 Depreciation
[ROW 98]   fluctuation check (threshold 23.0%):
             Jul 2025: 238.72
             Aug 2025: 238.72
             Sep 2025: 238.72
             Oct 2025: 238.72
             Nov 2025: 551.69
             Dec 2025: 551.69
           average (excl. last month): 343.04
           last month: 1378.82
           % diff: |1378.82 - 343.04| / |343.04| * 100 = 301.9376%
           -> FLAGGED — cell tinted yellow
[ROW 99] MATCH: 8003 Interest Expense
[ROW 99]   fluctuation check (threshold 23.3%):
             Jul 2025: 0.00
             Aug 2025: 0.00
             Sep 2025: 0.00
             Oct 2025: 146.84
             Nov 2025: 10.83
             Dec 2025: 0.00
           average (excl. last month): 26.28
           last month: 2.62
           % diff: |2.62 - 26.28| / |26.28| * 100 = 90.0298%
           -> FLAGGED — cell tinted yellow
